============================================================
Time  2017/08/18 23:55:36 684 
============================================================
[2017/08/18 23:55:36 685] isr_local  2168 os_type is:  Linux  
[2017/08/18 23:55:36 686] isr_local  2177 SYS_MSG_LOAD_LOCAL  
[2017/08/18 23:55:36 686] isr_local  2206 SYS_MSG_REGCB_LOCAL| param0 =  msp_status_cb  
[2017/08/18 23:55:36 686] isr_local  2265 last gc at  1503125736  
[2017/08/18 23:55:36 686] isr_local  2206 SYS_MSG_REGCB_LOCAL| param0 =  build_grm_cb  
[2017/08/18 23:55:36 686] isr_local  2265 last gc at  1503125736  
[2017/08/18 23:55:36 686] isr_local  2219 ASR_LOCAL_MSG_BUILD_GRM  
[2017/08/18 23:55:36 686] isr_local  1860 grm_init | params:  engine_type = local, 		asr_res_path = fo|res/asr/common.jet, sample_rate = 16000, 		grm_build_path = res/asr/GrmBuilld,   
[2017/08/18 23:55:36 686] isr_local  803  engine_type  :  local  
[2017/08/18 23:55:36 687] isr_local  803  asr_res_path  :  fo|res/asr/common.jet  
[2017/08/18 23:55:36 687] isr_local  803  sample_rate  :  16000  
[2017/08/18 23:55:36 687] isr_local  803  grm_build_path  :  res/asr/GrmBuilld  
[2017/08/18 23:55:36 688] isr_local  1000 file count =   1  
[2017/08/18 23:55:36 688] isr_local  923  file open type is:   fo  
[2017/08/18 23:55:36 688] isr_local  956  res/asr/common.jet  0  0  
[2017/08/18 23:55:36 688] isr_local  1018 speech_plus_setting  0  
[2017/08/18 23:55:36 688] isr_local  1031 2  nil  res/asr/common.jet  0  0  
[2017/08/18 23:55:36 690] isr_local  1033 res_ver  2  
[2017/08/18 23:55:36 690] isr_local  1034 res 5  f56f6bcaf89dbf6b659a7356ad77804b  
[2017/08/18 23:55:36 690] isr_local  1035 res_new_old_mark  v5pp  
[2017/08/18 23:55:36 690] isr_local  1036 res_usr_name    
[2017/08/18 23:55:36 690] isr_local  1037 res_expires  1505813268  
[2017/08/18 23:55:36 690] isr_local  1038 err  0  
[2017/08/18 23:55:36 690] isr_local  1054 lgi appid 5  f56f6bcaf89dbf6b659a7356ad77804b  
[2017/08/18 23:55:36 690] isr_local  1069 now expires:  1503125736  1505813268  
[2017/08/18 23:55:36 691] isr_local  1601 proc_retcode_grm | errorcode =  0  
[2017/08/18 23:55:36 738] isr_local  1979 grammar id:call  
[2017/08/18 23:55:36 739] isr_local  1593 onGrmLocalServiceCb  0  call  
